# Logfile created on 2022-10-28 17:13:45 -0500 by logger.rb/v1.5.1
I, [2022-10-28T17:13:45.726587 #92344]  INFO -- : Awesome work!
I, [2022-10-28T17:13:46.727317 #92344]  INFO -- : Awesome work!
I, [2022-10-28T17:13:47.728716 #92344]  INFO -- : Awesome work!
I, [2022-10-28T17:13:48.730033 #92344]  INFO -- : Awesome work!
I, [2022-10-28T17:13:49.731335 #92344]  INFO -- : Awesome work!
I, [2022-10-28T17:13:50.732787 #92344]  INFO -- : Awesome work!
I, [2022-10-28T17:13:51.733637 #92344]  INFO -- : Awesome work!
I, [2022-10-28T17:13:52.734786 #92344]  INFO -- : Awesome work!
I, [2022-10-28T17:13:53.735906 #92344]  INFO -- : Awesome work!
I, [2022-10-28T17:13:54.736973 #92344]  INFO -- : Awesome work!
I, [2022-10-28T17:13:55.738336 #92344]  INFO -- : Awesome work!
I, [2022-10-28T17:13:56.739358 #92344]  INFO -- : Awesome work!
I, [2022-10-28T17:13:57.741076 #92344]  INFO -- : Awesome work!
I, [2022-10-28T17:13:58.741497 #92344]  INFO -- : Awesome work!
I, [2022-10-28T17:13:59.742093 #92344]  INFO -- : Awesome work!
I, [2022-10-28T17:14:00.743407 #92344]  INFO -- : Awesome work!
I, [2022-10-28T17:14:01.744726 #92344]  INFO -- : Awesome work!
I, [2022-10-28T17:14:02.746167 #92344]  INFO -- : Awesome work!
I, [2022-10-28T17:14:03.746704 #92344]  INFO -- : Awesome work!
I, [2022-10-28T17:14:04.747923 #92344]  INFO -- : Awesome work!
I, [2022-10-28T17:14:05.749086 #92344]  INFO -- : Awesome work!
I, [2022-10-28T17:14:06.750504 #92344]  INFO -- : Awesome work!
I, [2022-10-28T17:14:07.751900 #92344]  INFO -- : Awesome work!
I, [2022-10-28T17:14:08.752488 #92344]  INFO -- : Awesome work!
I, [2022-10-28T17:14:09.753846 #92344]  INFO -- : Awesome work!
I, [2022-10-28T17:14:10.755584 #92344]  INFO -- : Awesome work!
I, [2022-10-28T17:14:11.756244 #92344]  INFO -- : Awesome work!
I, [2022-10-28T17:14:12.756863 #92344]  INFO -- : Awesome work!
I, [2022-10-28T17:14:13.758185 #92344]  INFO -- : Awesome work!
I, [2022-10-28T17:14:14.759573 #92344]  INFO -- : Awesome work!
I, [2022-10-28T17:14:15.760963 #92344]  INFO -- : Awesome work!
I, [2022-10-28T17:14:16.762499 #92344]  INFO -- : Awesome work!
I, [2022-10-28T17:14:17.763297 #92344]  INFO -- : Awesome work!
I, [2022-10-28T17:14:18.764617 #92344]  INFO -- : Awesome work!
I, [2022-10-28T17:14:19.766388 #92344]  INFO -- : Awesome work!
I, [2022-10-28T17:14:20.766960 #92344]  INFO -- : Awesome work!
I, [2022-10-28T17:14:21.768317 #92344]  INFO -- : Awesome work!
I, [2022-10-28T17:14:22.768799 #92344]  INFO -- : Awesome work!
I, [2022-10-28T17:14:23.769292 #92344]  INFO -- : Awesome work!
I, [2022-10-28T17:14:24.771544 #92344]  INFO -- : Awesome work!
I, [2022-10-28T17:14:25.784951 #92344]  INFO -- : Awesome work!
I, [2022-10-28T17:14:26.786403 #92344]  INFO -- : Awesome work!
I, [2022-10-28T17:14:27.787805 #92344]  INFO -- : Awesome work!
I, [2022-10-28T17:14:28.789116 #92344]  INFO -- : Awesome work!
I, [2022-10-28T17:14:29.790533 #92344]  INFO -- : Awesome work!
I, [2022-10-28T17:14:30.791320 #92344]  INFO -- : Awesome work!
I, [2022-10-28T17:14:31.792818 #92344]  INFO -- : Awesome work!
I, [2022-10-28T17:14:32.793500 #92344]  INFO -- : Awesome work!
I, [2022-10-28T17:14:33.795481 #92344]  INFO -- : Awesome work!
I, [2022-10-28T17:14:34.798627 #92344]  INFO -- : Awesome work!
I, [2022-10-28T17:14:35.799790 #92344]  INFO -- : Awesome work!
I, [2022-10-28T17:14:36.801192 #92344]  INFO -- : Awesome work!
I, [2022-10-28T17:14:37.802565 #92344]  INFO -- : Awesome work!
I, [2022-10-28T17:14:38.803868 #92344]  INFO -- : Awesome work!
I, [2022-10-28T17:14:39.805250 #92344]  INFO -- : Awesome work!
I, [2022-10-28T17:14:40.805745 #92344]  INFO -- : Awesome work!
I, [2022-10-28T17:14:41.806636 #92344]  INFO -- : Awesome work!
I, [2022-10-28T17:14:42.808051 #92344]  INFO -- : Awesome work!
I, [2022-10-28T17:14:43.808914 #92344]  INFO -- : Awesome work!
I, [2022-10-28T17:14:44.809322 #92344]  INFO -- : Awesome work!
I, [2022-10-28T17:14:45.810708 #92344]  INFO -- : Awesome work!
I, [2022-10-28T17:14:46.812022 #92344]  INFO -- : Awesome work!
I, [2022-10-28T17:14:47.813386 #92344]  INFO -- : Awesome work!
I, [2022-10-28T17:14:48.814115 #92344]  INFO -- : Awesome work!
I, [2022-10-28T17:14:49.814622 #92344]  INFO -- : Awesome work!
I, [2022-10-28T17:14:50.816013 #92344]  INFO -- : Awesome work!
I, [2022-10-28T17:14:51.817488 #92344]  INFO -- : Awesome work!
I, [2022-10-28T17:14:52.818465 #92344]  INFO -- : Awesome work!
I, [2022-10-28T17:14:53.819837 #92344]  INFO -- : Awesome work!
I, [2022-10-28T17:14:54.821233 #92344]  INFO -- : Awesome work!
I, [2022-10-28T17:14:55.822363 #92344]  INFO -- : Awesome work!
I, [2022-10-28T17:14:56.823817 #92344]  INFO -- : Awesome work!
I, [2022-10-28T17:14:57.825204 #92344]  INFO -- : Awesome work!
I, [2022-10-28T17:14:58.826567 #92344]  INFO -- : Awesome work!
I, [2022-10-28T17:14:59.827251 #92344]  INFO -- : Awesome work!
I, [2022-10-28T17:15:00.828033 #92344]  INFO -- : Awesome work!
I, [2022-10-28T17:15:01.829143 #92344]  INFO -- : Awesome work!
I, [2022-10-28T17:15:02.830538 #92344]  INFO -- : Awesome work!
I, [2022-10-28T17:15:03.831920 #92344]  INFO -- : Awesome work!
I, [2022-10-28T17:15:04.833420 #92344]  INFO -- : Awesome work!
I, [2022-10-28T17:15:05.834805 #92344]  INFO -- : Awesome work!
I, [2022-10-28T17:15:06.836258 #92344]  INFO -- : Awesome work!
I, [2022-10-28T17:15:07.837946 #92344]  INFO -- : Awesome work!
I, [2022-10-28T17:15:08.838631 #92344]  INFO -- : Awesome work!
I, [2022-10-28T17:15:09.839295 #92344]  INFO -- : Awesome work!
I, [2022-10-28T17:15:10.840861 #92344]  INFO -- : Awesome work!
I, [2022-10-28T17:15:11.842468 #92344]  INFO -- : Awesome work!
I, [2022-10-28T17:15:12.843692 #92344]  INFO -- : Awesome work!
I, [2022-10-28T17:15:13.845180 #92344]  INFO -- : Awesome work!
I, [2022-10-28T17:15:14.846480 #92344]  INFO -- : Awesome work!
I, [2022-10-28T17:15:15.847890 #92344]  INFO -- : Awesome work!
I, [2022-10-28T17:15:16.849245 #92344]  INFO -- : Awesome work!
I, [2022-10-28T17:15:17.850752 #92344]  INFO -- : Awesome work!
I, [2022-10-28T17:15:18.851988 #92344]  INFO -- : Awesome work!
I, [2022-10-28T17:15:19.853413 #92344]  INFO -- : Awesome work!
I, [2022-10-28T17:15:20.854638 #92344]  INFO -- : Awesome work!
I, [2022-10-28T17:15:21.855542 #92344]  INFO -- : Awesome work!
I, [2022-10-28T17:15:22.857094 #92344]  INFO -- : Awesome work!
I, [2022-10-28T17:15:23.857855 #92344]  INFO -- : Awesome work!
I, [2022-10-28T17:15:24.859235 #92344]  INFO -- : Awesome work!
I, [2022-10-28T17:15:25.859999 #92344]  INFO -- : Awesome work!
I, [2022-10-28T17:15:26.861354 #92344]  INFO -- : Awesome work!
I, [2022-10-28T17:15:27.862607 #92344]  INFO -- : Awesome work!
I, [2022-10-28T17:15:28.863675 #92344]  INFO -- : Awesome work!
I, [2022-10-28T17:15:29.865063 #92344]  INFO -- : Awesome work!
I, [2022-10-28T17:15:30.866621 #92344]  INFO -- : Awesome work!
I, [2022-10-28T17:15:31.867660 #92344]  INFO -- : Awesome work!
I, [2022-10-28T17:15:32.869167 #92344]  INFO -- : Awesome work!
I, [2022-10-28T17:15:33.870562 #92344]  INFO -- : Awesome work!
I, [2022-10-28T17:15:34.871985 #92344]  INFO -- : Awesome work!
I, [2022-10-28T17:15:35.872506 #92344]  INFO -- : Awesome work!
I, [2022-10-28T17:15:36.874256 #92344]  INFO -- : Awesome work!
I, [2022-10-28T17:15:37.875033 #92344]  INFO -- : Awesome work!
I, [2022-10-28T17:15:38.875950 #92344]  INFO -- : Awesome work!
I, [2022-10-28T17:15:39.877600 #92344]  INFO -- : Awesome work!
I, [2022-10-28T17:15:40.878650 #92344]  INFO -- : Awesome work!
I, [2022-10-28T17:15:41.880032 #92344]  INFO -- : Awesome work!
I, [2022-10-28T17:15:42.881377 #92344]  INFO -- : Awesome work!
I, [2022-10-28T17:15:43.882736 #92344]  INFO -- : Awesome work!
I, [2022-10-28T17:15:44.884014 #92344]  INFO -- : Awesome work!
I, [2022-10-28T17:15:45.884626 #92344]  INFO -- : Awesome work!
I, [2022-10-28T17:15:46.900303 #92344]  INFO -- : Awesome work!
I, [2022-10-28T17:15:47.901248 #92344]  INFO -- : Awesome work!
I, [2022-10-28T17:15:48.901817 #92344]  INFO -- : Awesome work!
I, [2022-10-28T17:15:49.902460 #92344]  INFO -- : Awesome work!
I, [2022-10-28T17:15:50.904291 #92344]  INFO -- : Awesome work!
I, [2022-10-28T17:15:51.905306 #92344]  INFO -- : Awesome work!
I, [2022-10-28T17:15:52.905675 #92344]  INFO -- : Awesome work!
I, [2022-10-28T17:15:53.906391 #92344]  INFO -- : Awesome work!
I, [2022-10-28T17:15:54.907721 #92344]  INFO -- : Awesome work!
I, [2022-10-28T17:15:55.909212 #92344]  INFO -- : Awesome work!
I, [2022-10-28T17:15:56.910890 #92344]  INFO -- : Awesome work!
I, [2022-10-28T17:15:57.912247 #92344]  INFO -- : Awesome work!
I, [2022-10-28T17:15:58.913262 #92344]  INFO -- : Awesome work!
I, [2022-10-28T17:15:59.913615 #92344]  INFO -- : Awesome work!
I, [2022-10-28T17:16:00.915087 #92344]  INFO -- : Awesome work!
I, [2022-10-28T17:16:01.916228 #92344]  INFO -- : Awesome work!
I, [2022-10-28T17:16:02.916628 #92344]  INFO -- : Awesome work!
I, [2022-10-28T17:16:03.917688 #92344]  INFO -- : Awesome work!
I, [2022-10-28T17:16:04.918552 #92344]  INFO -- : Awesome work!
I, [2022-10-28T17:16:05.918921 #92344]  INFO -- : Awesome work!
I, [2022-10-28T17:16:06.919363 #92344]  INFO -- : Awesome work!
I, [2022-10-28T17:16:07.919937 #92344]  INFO -- : Awesome work!
I, [2022-10-28T17:16:08.921389 #92344]  INFO -- : Awesome work!
I, [2022-10-28T17:16:09.921995 #92344]  INFO -- : Awesome work!
I, [2022-10-28T17:16:10.923004 #92344]  INFO -- : Awesome work!
I, [2022-10-28T17:16:11.924010 #92344]  INFO -- : Awesome work!
I, [2022-10-28T17:16:12.924493 #92344]  INFO -- : Awesome work!
I, [2022-10-28T17:16:13.925857 #92344]  INFO -- : Awesome work!
I, [2022-10-28T17:16:14.926484 #92344]  INFO -- : Awesome work!
I, [2022-10-28T17:16:15.927914 #92344]  INFO -- : Awesome work!
I, [2022-10-28T17:16:16.929135 #92344]  INFO -- : Awesome work!
I, [2022-10-28T17:16:17.930702 #92344]  INFO -- : Awesome work!
I, [2022-10-28T17:16:18.931985 #92344]  INFO -- : Awesome work!
I, [2022-10-28T17:16:19.933431 #92344]  INFO -- : Awesome work!
I, [2022-10-28T17:16:20.934793 #92344]  INFO -- : Awesome work!
I, [2022-10-28T17:16:21.935387 #92344]  INFO -- : Awesome work!
I, [2022-10-28T17:16:22.935844 #92344]  INFO -- : Awesome work!
I, [2022-10-28T17:16:23.936377 #92344]  INFO -- : Awesome work!
I, [2022-10-28T17:16:24.937263 #92344]  INFO -- : Awesome work!
I, [2022-10-28T17:16:25.938540 #92344]  INFO -- : Awesome work!
I, [2022-10-28T17:16:26.939893 #92344]  INFO -- : Awesome work!
I, [2022-10-28T17:16:27.941269 #92344]  INFO -- : Awesome work!
I, [2022-10-28T17:16:28.942623 #92344]  INFO -- : Awesome work!
I, [2022-10-28T17:16:29.943011 #92344]  INFO -- : Awesome work!
I, [2022-10-28T17:16:30.944476 #92344]  INFO -- : Awesome work!
I, [2022-10-28T17:16:31.945509 #92344]  INFO -- : Awesome work!
I, [2022-10-28T17:16:32.946897 #92344]  INFO -- : Awesome work!
I, [2022-10-28T17:16:33.947826 #92344]  INFO -- : Awesome work!
I, [2022-10-28T17:16:34.948628 #92344]  INFO -- : Awesome work!
I, [2022-10-28T17:16:35.949952 #92344]  INFO -- : Awesome work!
I, [2022-10-28T17:16:36.951351 #92344]  INFO -- : Awesome work!
I, [2022-10-28T17:16:37.952013 #92344]  INFO -- : Awesome work!
I, [2022-10-28T17:16:38.952436 #92344]  INFO -- : Awesome work!
I, [2022-10-28T17:16:39.953409 #92344]  INFO -- : Awesome work!
I, [2022-10-28T17:16:40.954708 #92344]  INFO -- : Awesome work!
I, [2022-10-28T17:16:41.955103 #92344]  INFO -- : Awesome work!
I, [2022-10-28T17:16:42.956068 #92344]  INFO -- : Awesome work!
I, [2022-10-28T17:16:43.957132 #92344]  INFO -- : Awesome work!
I, [2022-10-28T17:16:44.958416 #92344]  INFO -- : Awesome work!
I, [2022-10-28T17:16:45.959916 #92344]  INFO -- : Awesome work!
I, [2022-10-28T17:16:46.961276 #92344]  INFO -- : Awesome work!
I, [2022-10-28T17:16:47.962667 #92344]  INFO -- : Awesome work!
I, [2022-10-28T17:16:48.963408 #92344]  INFO -- : Awesome work!
I, [2022-10-28T17:16:49.963953 #92344]  INFO -- : Awesome work!
I, [2022-10-28T17:16:50.965379 #92344]  INFO -- : Awesome work!
I, [2022-10-28T17:16:51.966697 #92344]  INFO -- : Awesome work!
I, [2022-10-28T17:16:52.968087 #92344]  INFO -- : Awesome work!
I, [2022-10-28T17:16:53.968467 #92344]  INFO -- : Awesome work!
I, [2022-10-28T17:16:54.969006 #92344]  INFO -- : Awesome work!
I, [2022-10-28T17:16:55.969688 #92344]  INFO -- : Awesome work!
I, [2022-10-28T17:16:56.970182 #92344]  INFO -- : Awesome work!
I, [2022-10-28T17:16:57.971596 #92344]  INFO -- : Awesome work!
I, [2022-10-28T17:16:58.972749 #92344]  INFO -- : Awesome work!
I, [2022-10-28T17:16:59.974146 #92344]  INFO -- : Awesome work!
I, [2022-10-28T17:17:00.974726 #92344]  INFO -- : Awesome work!
I, [2022-10-28T17:17:01.976065 #92344]  INFO -- : Awesome work!
I, [2022-10-28T17:17:02.976481 #92344]  INFO -- : Awesome work!
I, [2022-10-28T17:17:03.977508 #92344]  INFO -- : Awesome work!
I, [2022-10-28T17:17:04.978861 #92344]  INFO -- : Awesome work!
I, [2022-10-28T17:17:05.980328 #92344]  INFO -- : Awesome work!
I, [2022-10-28T17:17:06.981723 #92344]  INFO -- : Awesome work!
I, [2022-10-28T17:17:07.983444 #92344]  INFO -- : Awesome work!
I, [2022-10-28T17:17:08.985197 #92344]  INFO -- : Awesome work!
I, [2022-10-28T17:17:09.985724 #92344]  INFO -- : Awesome work!
I, [2022-10-28T17:17:10.986118 #92344]  INFO -- : Awesome work!
I, [2022-10-28T17:17:11.986698 #92344]  INFO -- : Awesome work!
I, [2022-10-28T17:17:12.987173 #92344]  INFO -- : Awesome work!
I, [2022-10-28T17:17:13.987984 #92344]  INFO -- : Awesome work!
I, [2022-10-28T17:17:14.988667 #92344]  INFO -- : Awesome work!
I, [2022-10-28T17:17:15.989358 #92344]  INFO -- : Awesome work!
I, [2022-10-28T17:17:16.990644 #92344]  INFO -- : Awesome work!
I, [2022-10-28T17:17:17.992037 #92344]  INFO -- : Awesome work!
I, [2022-10-28T17:17:18.993236 #92344]  INFO -- : Awesome work!
I, [2022-10-28T17:17:19.993535 #92344]  INFO -- : Awesome work!
I, [2022-10-28T17:17:20.994544 #92344]  INFO -- : Awesome work!
I, [2022-10-28T17:17:21.995921 #92344]  INFO -- : Awesome work!
I, [2022-10-28T17:17:22.997296 #92344]  INFO -- : Awesome work!
I, [2022-10-28T17:17:23.998692 #92344]  INFO -- : Awesome work!
I, [2022-10-28T17:17:25.000102 #92344]  INFO -- : Awesome work!
I, [2022-10-28T17:17:26.001451 #92344]  INFO -- : Awesome work!
I, [2022-10-28T17:17:27.001819 #92344]  INFO -- : Awesome work!
I, [2022-10-28T17:17:28.002159 #92344]  INFO -- : Awesome work!
I, [2022-10-28T17:17:29.002762 #92344]  INFO -- : Awesome work!
I, [2022-10-28T17:17:30.003125 #92344]  INFO -- : Awesome work!
I, [2022-10-28T17:17:31.003631 #92344]  INFO -- : Awesome work!
I, [2022-10-28T17:17:32.004209 #92344]  INFO -- : Awesome work!
I, [2022-10-28T17:17:33.004934 #92344]  INFO -- : Awesome work!
I, [2022-10-28T17:17:34.005965 #92344]  INFO -- : Awesome work!
I, [2022-10-28T17:17:35.006751 #92344]  INFO -- : Awesome work!
I, [2022-10-28T17:17:36.008101 #92344]  INFO -- : Awesome work!
I, [2022-10-28T17:17:37.009434 #92344]  INFO -- : Awesome work!
I, [2022-10-28T17:17:38.010831 #92344]  INFO -- : Awesome work!
I, [2022-10-28T17:17:39.012150 #92344]  INFO -- : Awesome work!
I, [2022-10-28T17:17:40.012610 #92344]  INFO -- : Awesome work!
I, [2022-10-28T17:17:41.013967 #92344]  INFO -- : Awesome work!
I, [2022-10-28T17:17:42.015444 #92344]  INFO -- : Awesome work!
I, [2022-10-28T17:17:43.016812 #92344]  INFO -- : Awesome work!
I, [2022-10-28T17:17:44.017584 #92344]  INFO -- : Awesome work!
I, [2022-10-28T17:17:45.018971 #92344]  INFO -- : Awesome work!
I, [2022-10-28T17:17:46.019353 #92344]  INFO -- : Awesome work!
I, [2022-10-28T17:17:47.019949 #92344]  INFO -- : Awesome work!
I, [2022-10-28T17:17:48.020615 #92344]  INFO -- : Awesome work!
I, [2022-10-28T17:17:49.021459 #92344]  INFO -- : Awesome work!
I, [2022-10-28T17:17:50.021924 #92344]  INFO -- : Awesome work!
I, [2022-10-28T17:17:51.022630 #92344]  INFO -- : Awesome work!
I, [2022-10-28T17:17:52.024167 #92344]  INFO -- : Awesome work!
I, [2022-10-28T17:17:53.025001 #92344]  INFO -- : Awesome work!
I, [2022-10-28T17:17:54.025934 #92344]  INFO -- : Awesome work!
I, [2022-10-28T17:17:55.027388 #92344]  INFO -- : Awesome work!
I, [2022-10-28T17:17:56.027862 #92344]  INFO -- : Awesome work!
I, [2022-10-28T17:17:57.029423 #92344]  INFO -- : Awesome work!
I, [2022-10-28T17:17:58.029868 #92344]  INFO -- : Awesome work!
I, [2022-10-28T17:17:59.030774 #92344]  INFO -- : Awesome work!
I, [2022-10-28T17:18:00.032232 #92344]  INFO -- : Awesome work!
I, [2022-10-28T17:18:01.033650 #92344]  INFO -- : Awesome work!
I, [2022-10-28T17:18:02.035128 #92344]  INFO -- : Awesome work!
I, [2022-10-28T17:18:03.035882 #92344]  INFO -- : Awesome work!
I, [2022-10-28T17:18:04.037364 #92344]  INFO -- : Awesome work!
I, [2022-10-28T17:18:05.037736 #92344]  INFO -- : Awesome work!
I, [2022-10-28T17:18:06.038063 #92344]  INFO -- : Awesome work!
I, [2022-10-28T17:18:07.038400 #92344]  INFO -- : Awesome work!
I, [2022-10-28T17:18:08.038852 #92344]  INFO -- : Awesome work!
I, [2022-10-28T17:18:09.039244 #92344]  INFO -- : Awesome work!
I, [2022-10-28T17:18:10.040653 #92344]  INFO -- : Awesome work!
I, [2022-10-28T17:18:11.041444 #92344]  INFO -- : Awesome work!
I, [2022-10-28T17:18:12.042715 #92344]  INFO -- : Awesome work!
I, [2022-10-28T17:18:13.043990 #92344]  INFO -- : Awesome work!
I, [2022-10-28T17:18:14.045428 #92344]  INFO -- : Awesome work!
I, [2022-10-28T17:18:15.045750 #92344]  INFO -- : Awesome work!
I, [2022-10-28T17:18:16.046297 #92344]  INFO -- : Awesome work!
I, [2022-10-28T17:18:17.046703 #92344]  INFO -- : Awesome work!
I, [2022-10-28T17:18:18.048082 #92344]  INFO -- : Awesome work!
I, [2022-10-28T17:18:19.048595 #92344]  INFO -- : Awesome work!
I, [2022-10-28T17:18:20.049185 #92344]  INFO -- : Awesome work!
I, [2022-10-28T17:18:21.050514 #92344]  INFO -- : Awesome work!
I, [2022-10-28T17:18:22.051037 #92344]  INFO -- : Awesome work!
I, [2022-10-28T17:18:23.052239 #92344]  INFO -- : Awesome work!
I, [2022-10-28T17:18:24.053787 #92344]  INFO -- : Awesome work!
I, [2022-10-28T17:18:25.054673 #92344]  INFO -- : Awesome work!
I, [2022-10-28T17:18:26.055089 #92344]  INFO -- : Awesome work!
I, [2022-10-28T17:18:27.056536 #92344]  INFO -- : Awesome work!
I, [2022-10-28T17:18:28.057712 #92344]  INFO -- : Awesome work!
I, [2022-10-28T17:18:29.059146 #92344]  INFO -- : Awesome work!
I, [2022-10-28T17:18:30.059820 #92344]  INFO -- : Awesome work!
I, [2022-10-28T17:18:31.060275 #92344]  INFO -- : Awesome work!
I, [2022-10-28T17:18:32.061591 #92344]  INFO -- : Awesome work!
I, [2022-10-28T17:18:33.063001 #92344]  INFO -- : Awesome work!
I, [2022-10-28T17:18:34.064332 #92344]  INFO -- : Awesome work!
I, [2022-10-28T17:18:35.065595 #92344]  INFO -- : Awesome work!
I, [2022-10-28T17:18:36.065909 #92344]  INFO -- : Awesome work!
I, [2022-10-28T17:18:36.831433 #92344]  INFO -- : Received graceful stop
I, [2022-10-28T17:20:14.300196 #1170]  INFO -- : Awesome work!
I, [2022-10-28T17:20:14.301753 #1171]  INFO -- : Awesome work!
I, [2022-10-28T17:20:14.302365 #1172]  INFO -- : Awesome work!
I, [2022-10-28T17:20:14.303736 #1173]  INFO -- : Awesome work!
I, [2022-10-28T17:20:15.302001 #1170]  INFO -- : Awesome work!
I, [2022-10-28T17:20:15.303317 #1171]  INFO -- : Awesome work!
I, [2022-10-28T17:20:15.303698 #1172]  INFO -- : Awesome work!
I, [2022-10-28T17:20:15.305826 #1173]  INFO -- : Awesome work!
I, [2022-10-28T17:20:16.303041 #1170]  INFO -- : Awesome work!
I, [2022-10-28T17:20:16.303741 #1171]  INFO -- : Awesome work!
I, [2022-10-28T17:20:16.304012 #1172]  INFO -- : Awesome work!
I, [2022-10-28T17:20:16.306271 #1173]  INFO -- : Awesome work!
I, [2022-10-28T17:20:17.304030 #1170]  INFO -- : Awesome work!
I, [2022-10-28T17:20:17.304118 #1171]  INFO -- : Awesome work!
I, [2022-10-28T17:20:17.304336 #1172]  INFO -- : Awesome work!
I, [2022-10-28T17:20:17.307678 #1173]  INFO -- : Awesome work!
I, [2022-10-28T17:20:18.304522 #1170]  INFO -- : Awesome work!
I, [2022-10-28T17:20:18.304552 #1171]  INFO -- : Awesome work!
I, [2022-10-28T17:20:18.304577 #1172]  INFO -- : Awesome work!
I, [2022-10-28T17:20:18.308549 #1173]  INFO -- : Awesome work!
I, [2022-10-28T17:20:19.305726 #1171]  INFO -- : Awesome work!
I, [2022-10-28T17:20:19.305748 #1172]  INFO -- : Awesome work!
I, [2022-10-28T17:20:19.305682 #1170]  INFO -- : Awesome work!
I, [2022-10-28T17:20:19.309997 #1173]  INFO -- : Awesome work!
I, [2022-10-28T17:20:20.307280 #1170]  INFO -- : Awesome work!
I, [2022-10-28T17:20:20.307294 #1172]  INFO -- : Awesome work!
I, [2022-10-28T17:20:20.307294 #1171]  INFO -- : Awesome work!
I, [2022-10-28T17:20:20.311006 #1173]  INFO -- : Awesome work!
I, [2022-10-28T17:20:21.308336 #1172]  INFO -- : Awesome work!
I, [2022-10-28T17:20:21.308359 #1171]  INFO -- : Awesome work!
I, [2022-10-28T17:20:21.308392 #1170]  INFO -- : Awesome work!
I, [2022-10-28T17:20:21.312472 #1173]  INFO -- : Awesome work!
I, [2022-10-28T17:20:22.309810 #1170]  INFO -- : Awesome work!
I, [2022-10-28T17:20:22.309817 #1171]  INFO -- : Awesome work!
I, [2022-10-28T17:20:22.309787 #1172]  INFO -- : Awesome work!
I, [2022-10-28T17:20:22.313883 #1173]  INFO -- : Awesome work!
I, [2022-10-28T17:20:23.310332 #1170]  INFO -- : Awesome work!
I, [2022-10-28T17:20:23.310343 #1171]  INFO -- : Awesome work!
I, [2022-10-28T17:20:23.310375 #1172]  INFO -- : Awesome work!
I, [2022-10-28T17:20:23.315343 #1173]  INFO -- : Awesome work!
I, [2022-10-28T17:20:24.311149 #1170]  INFO -- : Awesome work!
I, [2022-10-28T17:20:24.311168 #1171]  INFO -- : Awesome work!
I, [2022-10-28T17:20:24.311165 #1172]  INFO -- : Awesome work!
I, [2022-10-28T17:20:24.316570 #1173]  INFO -- : Awesome work!
I, [2022-10-28T17:20:25.312632 #1171]  INFO -- : Awesome work!
I, [2022-10-28T17:20:25.312635 #1172]  INFO -- : Awesome work!
I, [2022-10-28T17:20:25.312587 #1170]  INFO -- : Awesome work!
I, [2022-10-28T17:20:25.318079 #1173]  INFO -- : Awesome work!
I, [2022-10-28T17:20:26.314074 #1170]  INFO -- : Awesome work!
I, [2022-10-28T17:20:26.314033 #1171]  INFO -- : Awesome work!
I, [2022-10-28T17:20:26.314077 #1172]  INFO -- : Awesome work!
I, [2022-10-28T17:20:26.319140 #1173]  INFO -- : Awesome work!
I, [2022-10-28T17:20:27.315595 #1172]  INFO -- : Awesome work!
I, [2022-10-28T17:20:27.315576 #1171]  INFO -- : Awesome work!
I, [2022-10-28T17:20:27.315555 #1170]  INFO -- : Awesome work!
I, [2022-10-28T17:20:27.320588 #1173]  INFO -- : Awesome work!
I, [2022-10-28T17:20:28.316546 #1172]  INFO -- : Awesome work!
I, [2022-10-28T17:20:28.316547 #1171]  INFO -- : Awesome work!
I, [2022-10-28T17:20:28.316559 #1170]  INFO -- : Awesome work!
I, [2022-10-28T17:20:28.321362 #1173]  INFO -- : Awesome work!
I, [2022-10-28T17:20:29.317958 #1172]  INFO -- : Awesome work!
I, [2022-10-28T17:20:29.317962 #1171]  INFO -- : Awesome work!
I, [2022-10-28T17:20:29.317968 #1170]  INFO -- : Awesome work!
I, [2022-10-28T17:20:29.322794 #1173]  INFO -- : Awesome work!
I, [2022-10-28T17:20:30.319043 #1172]  INFO -- : Awesome work!
I, [2022-10-28T17:20:30.319049 #1171]  INFO -- : Awesome work!
I, [2022-10-28T17:20:30.319094 #1170]  INFO -- : Awesome work!
I, [2022-10-28T17:20:30.327394 #1173]  INFO -- : Awesome work!
I, [2022-10-28T17:20:31.319942 #1171]  INFO -- : Awesome work!
I, [2022-10-28T17:20:31.319937 #1170]  INFO -- : Awesome work!
I, [2022-10-28T17:20:31.319937 #1172]  INFO -- : Awesome work!
I, [2022-10-28T17:20:31.328797 #1173]  INFO -- : Awesome work!
I, [2022-10-28T17:20:32.320759 #1170]  INFO -- : Awesome work!
I, [2022-10-28T17:20:32.320760 #1171]  INFO -- : Awesome work!
I, [2022-10-28T17:20:32.324469 #1172]  INFO -- : Awesome work!
I, [2022-10-28T17:20:32.330290 #1173]  INFO -- : Awesome work!
I, [2022-10-28T17:20:33.321224 #1170]  INFO -- : Awesome work!
I, [2022-10-28T17:20:33.321252 #1171]  INFO -- : Awesome work!
I, [2022-10-28T17:20:33.325848 #1172]  INFO -- : Awesome work!
I, [2022-10-28T17:20:33.331807 #1173]  INFO -- : Awesome work!
I, [2022-10-28T17:20:34.322367 #1170]  INFO -- : Awesome work!
I, [2022-10-28T17:20:34.325697 #1171]  INFO -- : Awesome work!
I, [2022-10-28T17:20:34.327076 #1172]  INFO -- : Awesome work!
I, [2022-10-28T17:20:34.332979 #1173]  INFO -- : Awesome work!
I, [2022-10-28T17:20:35.323936 #1170]  INFO -- : Awesome work!
I, [2022-10-28T17:20:35.326369 #1171]  INFO -- : Awesome work!
I, [2022-10-28T17:20:35.327834 #1172]  INFO -- : Awesome work!
I, [2022-10-28T17:20:35.333681 #1173]  INFO -- : Awesome work!
I, [2022-10-28T17:20:36.324480 #1170]  INFO -- : Awesome work!
I, [2022-10-28T17:20:36.327640 #1171]  INFO -- : Awesome work!
I, [2022-10-28T17:20:36.329302 #1172]  INFO -- : Awesome work!
I, [2022-10-28T17:20:36.335187 #1173]  INFO -- : Awesome work!
I, [2022-10-28T17:20:37.328834 #1171]  INFO -- : Awesome work!
I, [2022-10-28T17:20:37.328798 #1170]  INFO -- : Awesome work!
I, [2022-10-28T17:20:37.329861 #1172]  INFO -- : Awesome work!
I, [2022-10-28T17:20:37.336741 #1173]  INFO -- : Awesome work!
I, [2022-10-28T17:20:38.330661 #1172]  INFO -- : Awesome work!
I, [2022-10-28T17:20:38.330653 #1171]  INFO -- : Awesome work!
I, [2022-10-28T17:20:38.330641 #1170]  INFO -- : Awesome work!
I, [2022-10-28T17:20:38.337697 #1173]  INFO -- : Awesome work!
I, [2022-10-28T17:20:38.542676 #1169]  INFO -- : Received graceful stop
I, [2022-10-28T17:20:39.333960 #1169]  INFO -- : Worker 0 finished with status 0
I, [2022-10-28T17:20:39.334234 #1169]  INFO -- : Worker 1 finished with status 0
I, [2022-10-28T17:20:39.334407 #1169]  INFO -- : Worker 2 finished with status 0
I, [2022-10-28T17:20:39.360298 #1169]  INFO -- : Worker 3 finished with status 0
I, [2022-10-31T11:37:54.772903 #87686]  INFO -- : Awesome work!
I, [2022-10-31T11:37:54.774180 #87687]  INFO -- : Awesome work!
I, [2022-10-31T11:37:54.775214 #87688]  INFO -- : Awesome work!
I, [2022-10-31T11:37:54.776166 #87689]  INFO -- : Awesome work!
I, [2022-10-31T11:37:55.774538 #87686]  INFO -- : Awesome work!
I, [2022-10-31T11:37:55.776178 #87687]  INFO -- : Awesome work!
I, [2022-10-31T11:37:55.777265 #87688]  INFO -- : Awesome work!
I, [2022-10-31T11:37:55.777871 #87689]  INFO -- : Awesome work!
I, [2022-10-31T11:37:56.775738 #87686]  INFO -- : Awesome work!
I, [2022-10-31T11:37:56.776691 #87687]  INFO -- : Awesome work!
I, [2022-10-31T11:37:56.778579 #87688]  INFO -- : Awesome work!
I, [2022-10-31T11:37:56.778590 #87689]  INFO -- : Awesome work!
I, [2022-10-31T11:37:57.777177 #87686]  INFO -- : Awesome work!
I, [2022-10-31T11:37:57.777885 #87687]  INFO -- : Awesome work!
I, [2022-10-31T11:37:57.779987 #87689]  INFO -- : Awesome work!
I, [2022-10-31T11:37:57.780039 #87688]  INFO -- : Awesome work!
I, [2022-10-31T11:37:58.777943 #87686]  INFO -- : Awesome work!
I, [2022-10-31T11:37:58.778361 #87687]  INFO -- : Awesome work!
I, [2022-10-31T11:37:58.781440 #87688]  INFO -- : Awesome work!
I, [2022-10-31T11:37:58.781415 #87689]  INFO -- : Awesome work!
I, [2022-10-31T11:37:59.778687 #87686]  INFO -- : Awesome work!
I, [2022-10-31T11:37:59.779863 #87687]  INFO -- : Awesome work!
I, [2022-10-31T11:37:59.782684 #87689]  INFO -- : Awesome work!
I, [2022-10-31T11:37:59.782722 #87688]  INFO -- : Awesome work!
I, [2022-10-31T11:38:00.779916 #87686]  INFO -- : Awesome work!
I, [2022-10-31T11:38:00.780760 #87687]  INFO -- : Awesome work!
I, [2022-10-31T11:38:00.784104 #87688]  INFO -- : Awesome work!
I, [2022-10-31T11:38:00.784092 #87689]  INFO -- : Awesome work!
I, [2022-10-31T11:38:01.780608 #87686]  INFO -- : Awesome work!
I, [2022-10-31T11:38:01.781432 #87687]  INFO -- : Awesome work!
I, [2022-10-31T11:38:01.785406 #87688]  INFO -- : Awesome work!
I, [2022-10-31T11:38:01.785501 #87689]  INFO -- : Awesome work!
I, [2022-10-31T11:38:02.781301 #87686]  INFO -- : Awesome work!
I, [2022-10-31T11:38:02.781904 #87687]  INFO -- : Awesome work!
I, [2022-10-31T11:38:02.786871 #87688]  INFO -- : Awesome work!
I, [2022-10-31T11:38:02.786887 #87689]  INFO -- : Awesome work!
I, [2022-10-31T11:38:03.782433 #87686]  INFO -- : Awesome work!
I, [2022-10-31T11:38:03.782436 #87687]  INFO -- : Awesome work!
I, [2022-10-31T11:38:03.787313 #87688]  INFO -- : Awesome work!
I, [2022-10-31T11:38:03.787636 #87689]  INFO -- : Awesome work!
I, [2022-10-31T11:38:04.783766 #87687]  INFO -- : Awesome work!
I, [2022-10-31T11:38:04.783766 #87686]  INFO -- : Awesome work!
I, [2022-10-31T11:38:04.787715 #87688]  INFO -- : Awesome work!
I, [2022-10-31T11:38:04.788462 #87689]  INFO -- : Awesome work!
I, [2022-10-31T11:38:05.785248 #87687]  INFO -- : Awesome work!
I, [2022-10-31T11:38:05.785224 #87686]  INFO -- : Awesome work!
I, [2022-10-31T11:38:05.788125 #87688]  INFO -- : Awesome work!
I, [2022-10-31T11:38:05.788821 #87689]  INFO -- : Awesome work!
I, [2022-10-31T11:38:06.786568 #87687]  INFO -- : Awesome work!
I, [2022-10-31T11:38:06.786589 #87686]  INFO -- : Awesome work!
I, [2022-10-31T11:38:06.789378 #87688]  INFO -- : Awesome work!
I, [2022-10-31T11:38:06.789389 #87689]  INFO -- : Awesome work!
I, [2022-10-31T11:38:07.786969 #87687]  INFO -- : Awesome work!
I, [2022-10-31T11:38:07.787002 #87686]  INFO -- : Awesome work!
I, [2022-10-31T11:38:07.790879 #87688]  INFO -- : Awesome work!
I, [2022-10-31T11:38:07.790898 #87689]  INFO -- : Awesome work!
I, [2022-10-31T11:38:08.788190 #87687]  INFO -- : Awesome work!
I, [2022-10-31T11:38:08.788125 #87686]  INFO -- : Awesome work!
I, [2022-10-31T11:38:08.792240 #87688]  INFO -- : Awesome work!
I, [2022-10-31T11:38:08.792191 #87689]  INFO -- : Awesome work!
I, [2022-10-31T11:38:09.789321 #87686]  INFO -- : Awesome work!
I, [2022-10-31T11:38:09.789279 #87687]  INFO -- : Awesome work!
I, [2022-10-31T11:38:09.793532 #87688]  INFO -- : Awesome work!
I, [2022-10-31T11:38:09.793570 #87689]  INFO -- : Awesome work!
I, [2022-10-31T11:38:10.789702 #87687]  INFO -- : Awesome work!
I, [2022-10-31T11:38:10.789702 #87686]  INFO -- : Awesome work!
I, [2022-10-31T11:38:10.794985 #87689]  INFO -- : Awesome work!
I, [2022-10-31T11:38:10.794985 #87688]  INFO -- : Awesome work!
I, [2022-10-31T11:38:11.790163 #87686]  INFO -- : Awesome work!
I, [2022-10-31T11:38:11.790165 #87687]  INFO -- : Awesome work!
I, [2022-10-31T11:38:11.796211 #87689]  INFO -- : Awesome work!
I, [2022-10-31T11:38:11.796281 #87688]  INFO -- : Awesome work!
I, [2022-10-31T11:38:12.791717 #87686]  INFO -- : Awesome work!
I, [2022-10-31T11:38:12.791743 #87687]  INFO -- : Awesome work!
I, [2022-10-31T11:38:12.797593 #87689]  INFO -- : Awesome work!
I, [2022-10-31T11:38:12.801993 #87688]  INFO -- : Awesome work!
I, [2022-10-31T11:38:13.792188 #87686]  INFO -- : Awesome work!
I, [2022-10-31T11:38:13.792203 #87687]  INFO -- : Awesome work!
I, [2022-10-31T11:38:13.798058 #87689]  INFO -- : Awesome work!
I, [2022-10-31T11:38:13.802906 #87688]  INFO -- : Awesome work!
I, [2022-10-31T11:38:14.792952 #87686]  INFO -- : Awesome work!
I, [2022-10-31T11:38:14.797650 #87687]  INFO -- : Awesome work!
I, [2022-10-31T11:38:14.798589 #87689]  INFO -- : Awesome work!
I, [2022-10-31T11:38:14.803695 #87688]  INFO -- : Awesome work!
I, [2022-10-31T11:38:15.794389 #87686]  INFO -- : Awesome work!
I, [2022-10-31T11:38:15.798735 #87687]  INFO -- : Awesome work!
I, [2022-10-31T11:38:15.799929 #87689]  INFO -- : Awesome work!
I, [2022-10-31T11:38:15.805106 #87688]  INFO -- : Awesome work!
I, [2022-10-31T11:38:16.795877 #87686]  INFO -- : Awesome work!
I, [2022-10-31T11:38:16.800177 #87687]  INFO -- : Awesome work!
I, [2022-10-31T11:38:16.800532 #87689]  INFO -- : Awesome work!
I, [2022-10-31T11:38:16.805940 #87688]  INFO -- : Awesome work!
I, [2022-10-31T11:38:17.799941 #87686]  INFO -- : Awesome work!
I, [2022-10-31T11:38:17.801525 #87687]  INFO -- : Awesome work!
I, [2022-10-31T11:38:17.801525 #87689]  INFO -- : Awesome work!
I, [2022-10-31T11:38:17.807296 #87688]  INFO -- : Awesome work!
I, [2022-10-31T11:38:18.800560 #87686]  INFO -- : Awesome work!
I, [2022-10-31T11:38:18.802865 #87689]  INFO -- : Awesome work!
I, [2022-10-31T11:38:18.802852 #87687]  INFO -- : Awesome work!
I, [2022-10-31T11:38:18.808746 #87688]  INFO -- : Awesome work!
I, [2022-10-31T11:38:19.801318 #87686]  INFO -- : Awesome work!
I, [2022-10-31T11:38:19.804225 #87689]  INFO -- : Awesome work!
I, [2022-10-31T11:38:19.804257 #87687]  INFO -- : Awesome work!
I, [2022-10-31T11:38:19.809763 #87688]  INFO -- : Awesome work!
I, [2022-10-31T11:38:20.802762 #87686]  INFO -- : Awesome work!
I, [2022-10-31T11:38:20.805622 #87687]  INFO -- : Awesome work!
I, [2022-10-31T11:38:20.805615 #87689]  INFO -- : Awesome work!
I, [2022-10-31T11:38:20.810935 #87688]  INFO -- : Awesome work!
I, [2022-10-31T11:38:21.803826 #87686]  INFO -- : Awesome work!
I, [2022-10-31T11:38:21.806693 #87689]  INFO -- : Awesome work!
I, [2022-10-31T11:38:21.806692 #87687]  INFO -- : Awesome work!
I, [2022-10-31T11:38:21.811962 #87688]  INFO -- : Awesome work!
I, [2022-10-31T11:38:22.031505 #87685]  INFO -- : Received graceful stop
I, [2022-10-31T11:38:22.806764 #87685]  INFO -- : Worker 0 finished with status 0
I, [2022-10-31T11:38:22.809655 #87685]  INFO -- : Worker 1 finished with status 0
I, [2022-10-31T11:38:22.810023 #87685]  INFO -- : Worker 3 finished with status 0
I, [2022-10-31T11:38:22.813964 #87685]  INFO -- : Worker 2 finished with status 0
E, [2022-10-31T16:11:33.312314 #93553] ERROR -- : Worker 0 finished unexpectedly with status 1
E, [2022-10-31T16:11:33.367392 #93553] ERROR -- : Worker 1 finished unexpectedly with status 1
E, [2022-10-31T16:11:33.370453 #93553] ERROR -- : Worker 2 finished unexpectedly with status 1
E, [2022-10-31T16:11:33.372175 #93553] ERROR -- : Worker 3 finished unexpectedly with status 1
E, [2022-10-31T17:12:34.284926 #93553] ERROR -- : Worker 1 finished unexpectedly with status 1
E, [2022-10-31T17:12:34.288939 #93553] ERROR -- : Worker 2 finished unexpectedly with status 1
E, [2022-10-31T17:12:34.297759 #93553] ERROR -- : Worker 3 finished unexpectedly with status 1
E, [2022-10-31T17:12:34.306316 #93553] ERROR -- : Worker 0 finished unexpectedly with status 1
E, [2022-10-31T18:07:24.715489 #93553] ERROR -- : Worker 1 finished unexpectedly with signal SIGKILL
E, [2022-10-31T18:07:24.725592 #93553] ERROR -- : Worker 2 finished unexpectedly with signal SIGKILL
E, [2022-10-31T18:07:24.728601 #93553] ERROR -- : Worker 3 finished unexpectedly with signal SIGKILL
E, [2022-10-31T18:07:24.736179 #93553] ERROR -- : Worker 0 finished unexpectedly with status 1
E, [2022-10-31T20:07:35.758925 #93553] ERROR -- : Worker 0 finished unexpectedly with signal SIGKILL
E, [2022-10-31T20:07:36.046501 #93553] ERROR -- : Worker 1 finished unexpectedly with signal SIGKILL
E, [2022-10-31T20:07:36.066610 #93553] ERROR -- : Worker 2 finished unexpectedly with signal SIGKILL
E, [2022-10-31T20:07:36.328547 #93553] ERROR -- : Worker 3 finished unexpectedly with signal SIGKILL
E, [2022-10-31T22:11:18.028311 #93553] ERROR -- : Worker 0 finished unexpectedly with status 1
E, [2022-10-31T22:11:18.569906 #93553] ERROR -- : Worker 1 finished unexpectedly with status 1
E, [2022-10-31T22:11:18.587465 #93553] ERROR -- : Worker 2 finished unexpectedly with status 1
E, [2022-10-31T22:11:18.618782 #93553] ERROR -- : Worker 3 finished unexpectedly with status 1
E, [2022-11-01T00:00:06.702239 #93553] ERROR -- : Worker 0 finished unexpectedly with signal SIGKILL
E, [2022-11-01T00:00:06.744039 #93553] ERROR -- : Worker 1 finished unexpectedly with status 1
E, [2022-11-01T00:00:06.753357 #93553] ERROR -- : Worker 2 finished unexpectedly with signal SIGKILL
E, [2022-11-01T00:00:06.762187 #93553] ERROR -- : Worker 3 finished unexpectedly with status 1
E, [2022-11-01T02:00:37.772785 #93553] ERROR -- : Worker 0 finished unexpectedly with signal SIGKILL
E, [2022-11-01T02:00:37.860478 #93553] ERROR -- : Worker 1 finished unexpectedly with signal SIGKILL
E, [2022-11-01T02:00:38.019031 #93553] ERROR -- : Worker 2 finished unexpectedly with signal SIGKILL
E, [2022-11-01T02:00:38.068386 #93553] ERROR -- : Worker 3 finished unexpectedly with status 1
E, [2022-11-01T04:00:51.446991 #93553] ERROR -- : Worker 0 finished unexpectedly with signal SIGKILL
E, [2022-11-01T04:00:51.646423 #93553] ERROR -- : Worker 1 finished unexpectedly with signal SIGKILL
E, [2022-11-01T04:00:51.658244 #93553] ERROR -- : Worker 2 finished unexpectedly with signal SIGKILL
E, [2022-11-01T04:00:51.671069 #93553] ERROR -- : Worker 3 finished unexpectedly with signal SIGKILL
E, [2022-11-01T04:08:00.472398 #93553] ERROR -- : Worker 0 finished unexpectedly with status 1
E, [2022-11-01T04:08:00.795515 #93553] ERROR -- : Worker 1 finished unexpectedly with status 1
E, [2022-11-01T04:08:00.918739 #93553] ERROR -- : Worker 2 finished unexpectedly with status 1
E, [2022-11-01T04:08:00.933818 #93553] ERROR -- : Worker 3 finished unexpectedly with status 1
E, [2022-11-01T07:30:13.400059 #93553] ERROR -- : Worker 1 finished unexpectedly with signal SIGKILL
E, [2022-11-01T07:30:13.772133 #93553] ERROR -- : Worker 2 finished unexpectedly with signal SIGKILL
E, [2022-11-01T07:30:13.852894 #93553] ERROR -- : Worker 3 finished unexpectedly with signal SIGKILL
E, [2022-11-01T07:30:13.901394 #93553] ERROR -- : Worker 0 finished unexpectedly with signal SIGKILL
E, [2022-11-01T08:37:24.823260 #93553] ERROR -- : Worker 1 finished unexpectedly with status 1
E, [2022-11-01T08:37:25.109380 #93553] ERROR -- : Worker 2 finished unexpectedly with status 1
E, [2022-11-01T08:37:25.144957 #93553] ERROR -- : Worker 3 finished unexpectedly with status 1
E, [2022-11-01T08:37:25.160422 #93553] ERROR -- : Worker 0 finished unexpectedly with status 1
E, [2022-11-01T16:33:33.871192 #93553] ERROR -- : Worker 1 finished unexpectedly with signal SIGKILL
E, [2022-11-01T16:33:33.921809 #93553] ERROR -- : Worker 2 finished unexpectedly with signal SIGKILL
E, [2022-11-01T16:33:33.930267 #93553] ERROR -- : Worker 3 finished unexpectedly with signal SIGKILL
E, [2022-11-01T16:33:33.940653 #93553] ERROR -- : Worker 0 finished unexpectedly with signal SIGKILL
E, [2022-11-01T17:01:00.451425 #93553] ERROR -- : Worker 2 finished unexpectedly with signal SIGKILL
E, [2022-11-01T17:01:00.458795 #93553] ERROR -- : Worker 3 finished unexpectedly with signal SIGKILL
E, [2022-11-01T17:01:00.463171 #93553] ERROR -- : Worker 0 finished unexpectedly with signal SIGKILL
E, [2022-11-01T17:01:00.469521 #93553] ERROR -- : Worker 1 finished unexpectedly with signal SIGKILL
E, [2022-11-01T19:01:11.906240 #93553] ERROR -- : Worker 1 finished unexpectedly with signal SIGKILL
E, [2022-11-01T19:01:12.377052 #93553] ERROR -- : Worker 2 finished unexpectedly with signal SIGKILL
E, [2022-11-01T19:01:12.411577 #93553] ERROR -- : Worker 3 finished unexpectedly with signal SIGKILL
E, [2022-11-01T19:01:12.420030 #93553] ERROR -- : Worker 0 finished unexpectedly with signal SIGKILL
E, [2022-11-01T21:05:01.334014 #93553] ERROR -- : Worker 0 finished unexpectedly with signal SIGKILL
E, [2022-11-01T21:05:01.611625 #93553] ERROR -- : Worker 1 finished unexpectedly with signal SIGKILL
E, [2022-11-01T21:05:01.620829 #93553] ERROR -- : Worker 2 finished unexpectedly with signal SIGKILL
E, [2022-11-01T21:05:01.635245 #93553] ERROR -- : Worker 3 finished unexpectedly with signal SIGKILL
E, [2022-11-01T23:05:16.711077 #93553] ERROR -- : Worker 0 finished unexpectedly with signal SIGKILL
E, [2022-11-01T23:05:16.929027 #93553] ERROR -- : Worker 1 finished unexpectedly with status 1
E, [2022-11-01T23:05:16.938875 #93553] ERROR -- : Worker 2 finished unexpectedly with status 1
E, [2022-11-01T23:05:16.947256 #93553] ERROR -- : Worker 3 finished unexpectedly with status 1
E, [2022-11-02T01:05:30.575533 #93553] ERROR -- : Worker 0 finished unexpectedly with status 1
E, [2022-11-02T01:05:30.788086 #93553] ERROR -- : Worker 1 finished unexpectedly with status 1
E, [2022-11-02T01:05:31.109535 #93553] ERROR -- : Worker 2 finished unexpectedly with status 1
E, [2022-11-02T01:05:31.120354 #93553] ERROR -- : Worker 3 finished unexpectedly with status 1
E, [2022-11-02T03:06:00.737476 #93553] ERROR -- : Worker 0 finished unexpectedly with status 1
E, [2022-11-02T03:06:01.187423 #93553] ERROR -- : Worker 1 finished unexpectedly with status 1
E, [2022-11-02T03:06:01.250837 #93553] ERROR -- : Worker 2 finished unexpectedly with status 1
E, [2022-11-02T03:06:01.276598 #93553] ERROR -- : Worker 3 finished unexpectedly with status 1
E, [2022-11-02T04:01:35.953060 #93553] ERROR -- : Worker 1 finished unexpectedly with status 1
E, [2022-11-02T04:01:36.327946 #93553] ERROR -- : Worker 2 finished unexpectedly with status 1
E, [2022-11-02T04:01:36.351227 #93553] ERROR -- : Worker 3 finished unexpectedly with status 1
E, [2022-11-02T04:01:36.500662 #93553] ERROR -- : Worker 0 finished unexpectedly with signal SIGKILL
E, [2022-11-02T07:22:58.932937 #93553] ERROR -- : Worker 1 finished unexpectedly with status 1
E, [2022-11-02T07:22:59.034041 #93553] ERROR -- : Worker 2 finished unexpectedly with status 1
E, [2022-11-02T07:22:59.380705 #93553] ERROR -- : Worker 3 finished unexpectedly with status 1
E, [2022-11-02T07:22:59.406000 #93553] ERROR -- : Worker 0 finished unexpectedly with status 1
E, [2022-11-02T09:22:28.999472 #93553] ERROR -- : Worker 1 finished unexpectedly with status 1
E, [2022-11-02T09:22:29.031298 #93553] ERROR -- : Worker 2 finished unexpectedly with status 1
E, [2022-11-02T09:22:29.049886 #93553] ERROR -- : Worker 3 finished unexpectedly with status 1
E, [2022-11-02T09:22:29.080406 #93553] ERROR -- : Worker 0 finished unexpectedly with status 1
E, [2022-11-02T11:06:37.784719 #93553] ERROR -- : Worker 3 finished unexpectedly with status 1
E, [2022-11-02T11:06:38.267992 #93553] ERROR -- : Worker 0 finished unexpectedly with status 1
E, [2022-11-02T11:06:38.492365 #93553] ERROR -- : Worker 1 finished unexpectedly with status 1
E, [2022-11-02T11:06:38.505931 #93553] ERROR -- : Worker 2 finished unexpectedly with status 1
E, [2022-11-02T11:16:09.913128 #93553] ERROR -- : Worker 0 finished unexpectedly with status 1
E, [2022-11-02T11:16:09.965130 #93553] ERROR -- : Worker 1 finished unexpectedly with status 1
E, [2022-11-02T11:16:09.976455 #93553] ERROR -- : Worker 2 finished unexpectedly with status 1
E, [2022-11-02T11:16:09.982983 #93553] ERROR -- : Worker 3 finished unexpectedly with status 1
E, [2022-11-02T14:59:37.434370 #93553] ERROR -- : Worker 0 finished unexpectedly with signal SIGKILL
E, [2022-11-02T14:59:37.681083 #93553] ERROR -- : Worker 1 finished unexpectedly with signal SIGKILL
E, [2022-11-02T14:59:37.696304 #93553] ERROR -- : Worker 2 finished unexpectedly with signal SIGKILL
E, [2022-11-02T14:59:37.711779 #93553] ERROR -- : Worker 3 finished unexpectedly with signal SIGKILL
I, [2022-11-02T16:05:31.991511 #93553]  INFO -- : Received graceful stop
